{"uid":"149044ef34922c90","name":"Login API should authenticate valid user","fullName":"api_tests.tests.test_login#test_login_success","historyId":"f58ff36ef206eaeec5c498708bec65e7","time":{"start":1762945149034,"stop":1762945149089,"duration":55},"description":"Verifies that a user can login successfully and receives a valid token or success response","descriptionHtml":"<p>Verifies that a user can login successfully and receives a valid token or success response</p>\n","status":"failed","statusMessage":"AssertionError: Unexpected status: 401\nassert 401 == 200\n +  where 401 = <Response [401]>.status_code","statusTrace":"@allure.title(\"Login API should authenticate valid user\")\n    @allure.description(\"Verifies that a user can login successfully and receives a valid token or success response\")\n    def test_login_success():\n        client = APIClient(BASE_URL)\n    \n        headers = {\n            \"Accept\": \"application/json, text/plain, */*\",\n            \"Content-Type\": \"application/x-www-form-urlencoded;charset=UTF-8\",\n            \"device-id\": \"Mozilla/5.0 (Windows NT 10.0; Win64; x64) AppleWebKit/537.36 (KHTML, like Gecko) Chrome/141.0.0.0 Safari/537.36\"\n        }\n    \n        data = {\n            \"username\": \"user30698837\",\n            \"password\": \"My4KfWLJ\"\n        }\n    \n        response = client.post(LOGIN_ENDPOINT, data=data, headers=headers)\n    \n        # Assertions\n        with allure.step(\"Verify response status\"):\n>           assert response.status_code == 200, f\"Unexpected status: {response.status_code}\"\nE           AssertionError: Unexpected status: 401\nE           assert 401 == 200\nE            +  where 401 = <Response [401]>.status_code\n\napi_tests/tests/test_login.py:27: AssertionError","flaky":false,"newFailed":false,"newBroken":false,"newPassed":false,"retriesCount":0,"retriesStatusChange":false,"beforeStages":[{"name":"base_url","time":{"start":1762945149033,"stop":1762945149033,"duration":0},"status":"passed","steps":[],"attachments":[],"parameters":[],"shouldDisplayMessage":false,"attachmentsCount":0,"stepsCount":0,"hasContent":false,"attachmentStep":false},{"name":"_verify_url","time":{"start":1762945149033,"stop":1762945149033,"duration":0},"status":"passed","steps":[],"attachments":[],"parameters":[],"shouldDisplayMessage":false,"attachmentsCount":0,"stepsCount":0,"hasContent":false,"attachmentStep":false},{"name":"delete_output_dir","time":{"start":1762945149034,"stop":1762945149034,"duration":0},"status":"passed","steps":[],"attachments":[],"parameters":[],"shouldDisplayMessage":false,"attachmentsCount":0,"stepsCount":0,"hasContent":false,"attachmentStep":false},{"name":"pytestconfig","time":{"start":1762945149034,"stop":1762945149034,"duration":0},"status":"passed","steps":[],"attachments":[],"parameters":[],"shouldDisplayMessage":false,"attachmentsCount":0,"stepsCount":0,"hasContent":false,"attachmentStep":false}],"testStage":{"description":"Verifies that a user can login successfully and receives a valid token or success response","status":"failed","statusMessage":"AssertionError: Unexpected status: 401\nassert 401 == 200\n +  where 401 = <Response [401]>.status_code","statusTrace":"@allure.title(\"Login API should authenticate valid user\")\n    @allure.description(\"Verifies that a user can login successfully and receives a valid token or success response\")\n    def test_login_success():\n        client = APIClient(BASE_URL)\n    \n        headers = {\n            \"Accept\": \"application/json, text/plain, */*\",\n            \"Content-Type\": \"application/x-www-form-urlencoded;charset=UTF-8\",\n            \"device-id\": \"Mozilla/5.0 (Windows NT 10.0; Win64; x64) AppleWebKit/537.36 (KHTML, like Gecko) Chrome/141.0.0.0 Safari/537.36\"\n        }\n    \n        data = {\n            \"username\": \"user30698837\",\n            \"password\": \"My4KfWLJ\"\n        }\n    \n        response = client.post(LOGIN_ENDPOINT, data=data, headers=headers)\n    \n        # Assertions\n        with allure.step(\"Verify response status\"):\n>           assert response.status_code == 200, f\"Unexpected status: {response.status_code}\"\nE           AssertionError: Unexpected status: 401\nE           assert 401 == 200\nE            +  where 401 = <Response [401]>.status_code\n\napi_tests/tests/test_login.py:27: AssertionError","steps":[{"name":"POST '/services/platon-auth/api/login'","time":{"start":1762945149034,"stop":1762945149088,"duration":54},"status":"passed","steps":[],"attachments":[{"uid":"1cb7c50f39958741","name":"Request","source":"1cb7c50f39958741.json","type":"application/json","size":413},{"uid":"4a0193ca41a44594","name":"Response","source":"4a0193ca41a44594.json","type":"application/json","size":215}],"parameters":[{"name":"endpoint","value":"'/services/platon-auth/api/login'"},{"name":"data","value":"{'username': 'user30698837', 'password': 'My4KfWLJ'}"},{"name":"headers","value":"{'Accept': 'application/json, text/plain, */*', 'Content-Type': 'application/x-www-form-urlencoded;charset=UTF-8', 'device-id': 'Mozilla/5.0 (Windows NT 10.0; Win64; x64) AppleWebKit/537.36 (KHTML, like Gecko) Chrome/141.0.0.0 Safari/537.36'}"},{"name":"json_data","value":"None"}],"shouldDisplayMessage":false,"attachmentsCount":2,"stepsCount":0,"hasContent":true,"attachmentStep":false},{"name":"Verify response status","time":{"start":1762945149088,"stop":1762945149088,"duration":0},"status":"failed","statusMessage":"AssertionError: Unexpected status: 401\nassert 401 == 200\n +  where 401 = <Response [401]>.status_code\n","statusTrace":"  File \"/Users/abdulbasitswe/PythonProject3/api_tests/tests/test_login.py\", line 27, in test_login_success\n    assert response.status_code == 200, f\"Unexpected status: {response.status_code}\"\n","steps":[],"attachments":[],"parameters":[],"shouldDisplayMessage":true,"attachmentsCount":0,"stepsCount":0,"hasContent":true,"attachmentStep":false}],"attachments":[],"parameters":[],"shouldDisplayMessage":true,"attachmentsCount":2,"stepsCount":2,"hasContent":true,"attachmentStep":false},"afterStages":[],"labels":[{"name":"parentSuite","value":"api_tests.tests"},{"name":"suite","value":"test_login"},{"name":"host","value":"Abdulbasits-MacBook-Pro.local"},{"name":"thread","value":"97578-MainThread"},{"name":"framework","value":"pytest"},{"name":"language","value":"cpython3"},{"name":"package","value":"api_tests.tests.test_login"},{"name":"resultFormat","value":"allure2"}],"parameters":[],"links":[],"hidden":true,"retry":true,"extra":{"categories":[],"tags":[]},"source":"149044ef34922c90.json","parameterValues":[]}